<?xml version="1.0" encoding="UTF-8"?>
<testng-results ignored="0" total="1" passed="1" failed="0" skipped="0">
  <reporter-output>
  </reporter-output>
  <suite started-at="2023-10-02T22:08:13 GET" name="Surefire suite" finished-at="2023-10-02T22:08:41 GET" duration-ms="28555">
    <groups>
    </groups>
    <test started-at="2023-10-02T22:08:13 GET" name="Surefire test" finished-at="2023-10-02T22:08:41 GET" duration-ms="28555">
      <class name="org.epam.MainTest">
        <test-method is-config="true" signature="setUp()[pri:0, instance:org.epam.MainTest@2bc2e022]" started-at="2023-10-02T22:08:13 GET" name="setUp" finished-at="2023-10-02T22:08:13 GET" duration-ms="161" status="PASS">
          <reporter-output>
          </reporter-output>
        </test-method> <!-- setUp -->
        <test-method signature="calculatorTest()[pri:0, instance:org.epam.MainTest@2bc2e022]" started-at="2023-10-02T22:08:13 GET" name="calculatorTest" finished-at="2023-10-02T22:08:41 GET" duration-ms="27851" status="PASS">
          <reporter-output>
          </reporter-output>
        </test-method> <!-- calculatorTest -->
        <test-method is-config="true" signature="closeDriver()[pri:0, instance:org.epam.MainTest@2bc2e022]" started-at="2023-10-02T22:08:41 GET" name="closeDriver" finished-at="2023-10-02T22:08:41 GET" duration-ms="315" status="PASS">
          <reporter-output>
          </reporter-output>
        </test-method> <!-- closeDriver -->
      </class> <!-- org.epam.MainTest -->
    </test> <!-- Surefire test -->
  </suite> <!-- Surefire suite -->
</testng-results>
