<?xml version="1.0" encoding="UTF-8"?>
<testng-results ignored="0" total="1" passed="1" failed="0" skipped="0">
  <reporter-output>
  </reporter-output>
  <suite started-at="2023-10-02T23:06:02 GET" name="Surefire suite" finished-at="2023-10-02T23:06:30 GET" duration-ms="28423">
    <groups>
    </groups>
    <test started-at="2023-10-02T23:06:02 GET" name="Surefire test" finished-at="2023-10-02T23:06:30 GET" duration-ms="28423">
      <class name="org.epam.MainTest">
        <test-method is-config="true" signature="setUp()[pri:0, instance:org.epam.MainTest@6d31f14]" started-at="2023-10-02T23:06:02 GET" name="setUp" finished-at="2023-10-02T23:06:02 GET" duration-ms="161" status="PASS">
          <reporter-output>
          </reporter-output>
        </test-method> <!-- setUp -->
        <test-method signature="calculatorTest()[pri:0, instance:org.epam.MainTest@6d31f14]" started-at="2023-10-02T23:06:02 GET" name="calculatorTest" finished-at="2023-10-02T23:06:30 GET" duration-ms="27820" status="PASS">
          <reporter-output>
          </reporter-output>
        </test-method> <!-- calculatorTest -->
        <test-method is-config="true" signature="closeDriver()[pri:0, instance:org.epam.MainTest@6d31f14]" started-at="2023-10-02T23:06:30 GET" name="closeDriver" finished-at="2023-10-02T23:06:30 GET" duration-ms="232" status="PASS">
          <reporter-output>
          </reporter-output>
        </test-method> <!-- closeDriver -->
      </class> <!-- org.epam.MainTest -->
    </test> <!-- Surefire test -->
  </suite> <!-- Surefire suite -->
</testng-results>
